<?xml version="1.0" encoding="UTF-8"?>
<!-- Generated by org.testng.reporters.JUnitXMLReporter -->
<testsuite ignored="0" hostname="DESKTOP-VN8UOA1" failures="0" tests="4" name="Test" time="30.094" errors="0" timestamp="2024-05-08T21:56:47 IST">
  <testcase classname="com.qkart.testCase.Login_DDT_002" name="loginDDT" time="11.39"/>
  <testcase classname="com.qkart.testCase.Login_DDT_002" name="addingItemsToCart" time="2.733"/>
  <testcase classname="com.qkart.testCase.Login_DDT_002" name="chekoutPage" time="6.158"/>
  <testcase classname="com.qkart.testCase.Login_DDT_002" name="summaryPage" time="3.389"/>
</testsuite> <!-- Test -->
