<?xml version="1.0" encoding="UTF-8"?>
<testng-results ignored="0" total="1" passed="1" failed="0" skipped="0">
  <reporter-output>
  </reporter-output>
  <suite started-at="2024-05-01T16:20:00 IST" name="framework.Qkart" finished-at="2024-05-01T16:20:06 IST" duration-ms="6474">
    <groups>
    </groups>
    <test started-at="2024-05-01T16:20:00 IST" name="Test" finished-at="2024-05-01T16:20:06 IST" duration-ms="6474">
      <class name="com.qkart.testCase.TestCase01">
        <test-method is-config="true" signature="setup(java.lang.String)[pri:0, instance:com.qkart.testCase.TestCase01@4466af20]" started-at="2024-05-01T16:20:00 IST" name="setup" finished-at="2024-05-01T16:20:04 IST" duration-ms="3793" status="PASS">
          <params>
            <param index="0">
              <value>
                <![CDATA[chrome]]>
              </value>
            </param>
          </params>
          <reporter-output>
          </reporter-output>
        </test-method> <!-- setup -->
        <test-method signature="loginTest()[pri:0, instance:com.qkart.testCase.TestCase01@4466af20]" started-at="2024-05-01T16:20:04 IST" name="loginTest" finished-at="2024-05-01T16:20:06 IST" duration-ms="1898" status="PASS">
          <reporter-output>
          </reporter-output>
        </test-method> <!-- loginTest -->
        <test-method is-config="true" signature="tearDown()[pri:0, instance:com.qkart.testCase.TestCase01@4466af20]" started-at="2024-05-01T16:20:06 IST" name="tearDown" finished-at="2024-05-01T16:20:06 IST" duration-ms="173" status="PASS">
          <reporter-output>
          </reporter-output>
        </test-method> <!-- tearDown -->
      </class> <!-- com.qkart.testCase.TestCase01 -->
    </test> <!-- Test -->
  </suite> <!-- framework.Qkart -->
</testng-results>
