<?xml version="1.0" encoding="UTF-8"?>
<testng-results ignored="0" total="2" passed="2" failed="0" skipped="0">
  <reporter-output>
  </reporter-output>
  <suite started-at="2024-05-05T21:56:36 IST" name="framework.Qkart" finished-at="2024-05-05T21:56:45 IST" duration-ms="9124">
    <groups>
    </groups>
    <test started-at="2024-05-05T21:56:36 IST" name="Test" finished-at="2024-05-05T21:56:45 IST" duration-ms="9124">
      <class name="com.qkart.testCase.Login_DDT_002">
        <test-method is-config="true" signature="setup(java.lang.String)[pri:0, instance:com.qkart.testCase.Login_DDT_002@6ae5aa72]" started-at="2024-05-05T21:56:36 IST" name="setup" finished-at="2024-05-05T21:56:38 IST" duration-ms="1699" status="PASS">
          <params>
            <param index="0">
              <value>
                <![CDATA[chrome]]>
              </value>
            </param>
          </params>
          <reporter-output>
          </reporter-output>
        </test-method> <!-- setup -->
        <test-method signature="loginDDT(java.lang.String,java.lang.String)[pri:0, instance:com.qkart.testCase.Login_DDT_002@6ae5aa72]" started-at="2024-05-05T21:56:39 IST" name="loginDDT" data-provider="LoginData" finished-at="2024-05-05T21:56:42 IST" duration-ms="2829" status="PASS">
          <params>
            <param index="0">
              <value>
                <![CDATA[12test21]]>
              </value>
            </param>
            <param index="1">
              <value>
                <![CDATA[12test21]]>
              </value>
            </param>
          </params>
          <reporter-output>
          </reporter-output>
        </test-method> <!-- loginDDT -->
        <test-method signature="addingItemsToCart()[pri:1, instance:com.qkart.testCase.Login_DDT_002@6ae5aa72]" started-at="2024-05-05T21:56:42 IST" name="addingItemsToCart" finished-at="2024-05-05T21:56:45 IST" duration-ms="3034" status="PASS">
          <reporter-output>
          </reporter-output>
        </test-method> <!-- addingItemsToCart -->
        <test-method is-config="true" signature="tearDown()[pri:0, instance:com.qkart.testCase.Login_DDT_002@6ae5aa72]" started-at="2024-05-05T21:56:45 IST" name="tearDown" finished-at="2024-05-05T21:56:45 IST" duration-ms="229" status="PASS">
          <reporter-output>
          </reporter-output>
        </test-method> <!-- tearDown -->
      </class> <!-- com.qkart.testCase.Login_DDT_002 -->
    </test> <!-- Test -->
  </suite> <!-- framework.Qkart -->
</testng-results>
