<?xml version="1.0" encoding="UTF-8"?>
<testng-results ignored="0" total="4" passed="4" failed="0" skipped="0">
  <reporter-output>
  </reporter-output>
  <suite started-at="2024-05-08T21:56:16 IST" name="framework.Qkart" finished-at="2024-05-08T21:56:46 IST" duration-ms="30094">
    <groups>
    </groups>
    <test started-at="2024-05-08T21:56:16 IST" name="Test" finished-at="2024-05-08T21:56:46 IST" duration-ms="30094">
      <class name="com.qkart.testCase.Login_DDT_002">
        <test-method is-config="true" signature="setup(java.lang.String)[pri:0, instance:com.qkart.testCase.Login_DDT_002@229f66ed]" started-at="2024-05-08T21:56:17 IST" name="setup" finished-at="2024-05-08T21:56:20 IST" duration-ms="3306" status="PASS">
          <params>
            <param index="0">
              <value>
                <![CDATA[chrome]]>
              </value>
            </param>
          </params>
          <reporter-output>
          </reporter-output>
        </test-method> <!-- setup -->
        <test-method signature="loginDDT(java.lang.String,java.lang.String)[pri:0, instance:com.qkart.testCase.Login_DDT_002@229f66ed]" started-at="2024-05-08T21:56:22 IST" name="loginDDT" data-provider="LoginData" finished-at="2024-05-08T21:56:34 IST" duration-ms="11390" status="PASS">
          <params>
            <param index="0">
              <value>
                <![CDATA[12test21]]>
              </value>
            </param>
            <param index="1">
              <value>
                <![CDATA[12test21]]>
              </value>
            </param>
          </params>
          <reporter-output>
          </reporter-output>
        </test-method> <!-- loginDDT -->
        <test-method signature="addingItemsToCart()[pri:1, instance:com.qkart.testCase.Login_DDT_002@229f66ed]" started-at="2024-05-08T21:56:34 IST" name="addingItemsToCart" finished-at="2024-05-08T21:56:37 IST" duration-ms="2733" status="PASS">
          <reporter-output>
          </reporter-output>
        </test-method> <!-- addingItemsToCart -->
        <test-method signature="chekoutPage()[pri:2, instance:com.qkart.testCase.Login_DDT_002@229f66ed]" started-at="2024-05-08T21:56:37 IST" name="chekoutPage" finished-at="2024-05-08T21:56:43 IST" duration-ms="6158" status="PASS">
          <reporter-output>
          </reporter-output>
        </test-method> <!-- chekoutPage -->
        <test-method signature="summaryPage()[pri:3, instance:com.qkart.testCase.Login_DDT_002@229f66ed]" started-at="2024-05-08T21:56:43 IST" name="summaryPage" finished-at="2024-05-08T21:56:46 IST" duration-ms="3389" status="PASS">
          <reporter-output>
          </reporter-output>
        </test-method> <!-- summaryPage -->
        <test-method is-config="true" signature="tearDown()[pri:0, instance:com.qkart.testCase.Login_DDT_002@229f66ed]" started-at="2024-05-08T21:56:46 IST" name="tearDown" finished-at="2024-05-08T21:56:46 IST" duration-ms="282" status="PASS">
          <reporter-output>
          </reporter-output>
        </test-method> <!-- tearDown -->
      </class> <!-- com.qkart.testCase.Login_DDT_002 -->
    </test> <!-- Test -->
  </suite> <!-- framework.Qkart -->
</testng-results>
